2025-05-26T20:07:17.803+05:30  INFO 20224 --- [RestJobApp] [main] c.e.RestJobApp.RestJobAppApplication     : Starting RestJobAppApplication using Java 23.0.1 with PID 20224 (C:\Users\Admin\OneDrive\Desktop\Learnings\Projects\RestJobApp\target\classes started by Admin in C:\Users\Admin\OneDrive\Desktop\Learnings\Projects\RestJobApp)
2025-05-26T20:07:17.809+05:30  INFO 20224 --- [RestJobApp] [main] c.e.RestJobApp.RestJobAppApplication     : No active profile set, falling back to 1 default profile: "default"
2025-05-26T20:07:19.107+05:30  INFO 20224 --- [RestJobApp] [main] .s.d.r.c.RepositoryConfigurationDelegate : Bootstrapping Spring Data JPA repositories in DEFAULT mode.
2025-05-26T20:07:19.200+05:30  INFO 20224 --- [RestJobApp] [main] .s.d.r.c.RepositoryConfigurationDelegate : Finished Spring Data repository scanning in 83 ms. Found 1 JPA repository interface.
2025-05-26T20:07:20.204+05:30  INFO 20224 --- [RestJobApp] [main] o.s.b.w.embedded.tomcat.TomcatWebServer  : Tomcat initialized with port 8081 (http)
2025-05-26T20:07:20.236+05:30  INFO 20224 --- [RestJobApp] [main] o.apache.catalina.core.StandardService   : Starting service [Tomcat]
2025-05-26T20:07:20.236+05:30  INFO 20224 --- [RestJobApp] [main] o.apache.catalina.core.StandardEngine    : Starting Servlet engine: [Apache Tomcat/10.1.40]
2025-05-26T20:07:20.345+05:30  INFO 20224 --- [RestJobApp] [main] o.a.c.c.C.[Tomcat].[localhost].[/]       : Initializing Spring embedded WebApplicationContext
2025-05-26T20:07:20.345+05:30  INFO 20224 --- [RestJobApp] [main] w.s.c.ServletWebServerApplicationContext : Root WebApplicationContext: initialization completed in 2440 ms
2025-05-26T20:07:20.629+05:30  INFO 20224 --- [RestJobApp] [main] o.hibernate.jpa.internal.util.LogHelper  : HHH000204: Processing PersistenceUnitInfo [name: default]
2025-05-26T20:07:20.713+05:30  INFO 20224 --- [RestJobApp] [main] org.hibernate.Version                    : HHH000412: Hibernate ORM core version 6.6.13.Final
2025-05-26T20:07:20.769+05:30  INFO 20224 --- [RestJobApp] [main] o.h.c.internal.RegionFactoryInitiator    : HHH000026: Second-level cache disabled
2025-05-26T20:07:21.252+05:30  INFO 20224 --- [RestJobApp] [main] o.s.o.j.p.SpringPersistenceUnitInfo      : No LoadTimeWeaver setup: ignoring JPA class transformer
2025-05-26T20:07:21.317+05:30  INFO 20224 --- [RestJobApp] [main] com.zaxxer.hikari.HikariDataSource       : HikariPool-1 - Starting...
2025-05-26T20:07:21.626+05:30  INFO 20224 --- [RestJobApp] [main] com.zaxxer.hikari.pool.HikariPool        : HikariPool-1 - Added connection org.postgresql.jdbc.PgConnection@63f2e0b
2025-05-26T20:07:21.629+05:30  INFO 20224 --- [RestJobApp] [main] com.zaxxer.hikari.HikariDataSource       : HikariPool-1 - Start completed.
2025-05-26T20:07:21.693+05:30  WARN 20224 --- [RestJobApp] [main] org.hibernate.orm.deprecation            : HHH90000025: PostgreSQLDialect does not need to be specified explicitly using 'hibernate.dialect' (remove the property setting and it will be selected by default)
2025-05-26T20:07:21.725+05:30  INFO 20224 --- [RestJobApp] [main] org.hibernate.orm.connections.pooling    : HHH10001005: Database info:
	Database JDBC URL [Connecting through datasource 'HikariDataSource (HikariPool-1)']
	Database driver: undefined/unknown
	Database version: 15.10
	Autocommit mode: undefined/unknown
	Isolation level: undefined/unknown
	Minimum pool size: undefined/unknown
	Maximum pool size: undefined/unknown
2025-05-26T20:07:22.963+05:30  INFO 20224 --- [RestJobApp] [main] o.h.e.t.j.p.i.JtaPlatformInitiator       : HHH000489: No JTA platform available (set 'hibernate.transaction.jta.platform' to enable JTA platform integration)
2025-05-26T20:07:23.087+05:30  INFO 20224 --- [RestJobApp] [main] j.LocalContainerEntityManagerFactoryBean : Initialized JPA EntityManagerFactory for persistence unit 'default'
2025-05-26T20:07:23.821+05:30  WARN 20224 --- [RestJobApp] [main] JpaBaseConfiguration$JpaWebConfiguration : spring.jpa.open-in-view is enabled by default. Therefore, database queries may be performed during view rendering. Explicitly configure spring.jpa.open-in-view to disable this warning
2025-05-26T20:07:24.399+05:30  INFO 20224 --- [RestJobApp] [main] o.s.b.w.embedded.tomcat.TomcatWebServer  : Tomcat started on port 8081 (http) with context path '/'
2025-05-26T20:07:24.412+05:30  INFO 20224 --- [RestJobApp] [main] c.e.RestJobApp.RestJobAppApplication     : Started RestJobAppApplication in 7.399 seconds (process running for 8.097)
2025-05-26T20:07:34.039+05:30  INFO 20224 --- [RestJobApp] [http-nio-8081-exec-2] o.a.c.c.C.[Tomcat].[localhost].[/]       : Initializing Spring DispatcherServlet 'dispatcherServlet'
2025-05-26T20:07:34.039+05:30  INFO 20224 --- [RestJobApp] [http-nio-8081-exec-2] o.s.web.servlet.DispatcherServlet        : Initializing Servlet 'dispatcherServlet'
2025-05-26T20:07:34.041+05:30  INFO 20224 --- [RestJobApp] [http-nio-8081-exec-2] o.s.web.servlet.DispatcherServlet        : Completed initialization in 2 ms
2025-05-26T20:07:34.114+05:30  INFO 20224 --- [RestJobApp] [http-nio-8081-exec-2] c.example.RestJobApp.aop.LoggingAspect   : Method called : getjob
